Resetting modules to system default. Reseting $MODULEPATH back to system default. All extra directories will be removed from $MODULEPATH.

[31m
*** ERROR ***
/home/emmanuel324/projects/belson324/KKS_large_largescale/10-17-25/Bicrystal/B1a/B1a.i:1632.3:
The following error occurred in the TimeStepper 'IterationAdaptiveDT' of type IterationAdaptiveDT.

Solve failed and timestep already at dtmin, cannot continue![39m

Abort(1) on node 105 (rank 105 in comm 0): application called MPI_Abort(MPI_COMM_WORLD, 1) - process 105

[31m
*** ERROR ***
/home/emmanuel324/projects/belson324/KKS_large_largescale/10-17-25/Bicrystal/B1a/B1a.i:1632.3:
The following error occurred in the TimeStepper 'IterationAdaptiveDT' of type IterationAdaptiveDT.

Solve failed and timestep already at dtmin, cannot continue![39m

Abort(1) on node 107 (rank 107 in comm 0): application called MPI_Abort(MPI_COMM_WORLD, 1) - process 107

[31m
*** ERROR ***
/home/emmanuel324/projects/belson324/KKS_large_largescale/10-17-25/Bicrystal/B1a/B1a.i:1632.3:
The following error occurred in the TimeStepper 'IterationAdaptiveDT' of type IterationAdaptiveDT.

Solve failed and timestep already at dtmin, cannot continue![39m

Abort(1) on node 3 (rank 3 in comm 0): application called MPI_Abort(MPI_COMM_WORLD, 1) - process 3

[31m
*** ERROR ***
/home/emmanuel324/projects/belson324/KKS_large_largescale/10-17-25/Bicrystal/B1a/B1a.i:1632.3:
The following error occurred in the TimeStepper 'IterationAdaptiveDT' of type IterationAdaptiveDT.

Solve failed and timestep already at dtmin, cannot continue![39m

Abort(1) on node 11 (rank 11 in comm 0): application called MPI_Abort(MPI_COMM_WORLD, 1) - process 11

[31m
*** ERROR ***
/home/emmanuel324/projects/belson324/KKS_large_largescale/10-17-25/Bicrystal/B1a/B1a.i:1632.3:
The following error occurred in the TimeStepper 'IterationAdaptiveDT' of type IterationAdaptiveDT.

Solve failed and timestep already at dtmin, cannot continue![39m

Abort(1) on node 12 (rank 12 in comm 0): application called MPI_Abort(MPI_COMM_WORLD, 1) - process 12

[31m
*** ERROR ***
/home/emmanuel324/projects/belson324/KKS_large_largescale/10-17-25/Bicrystal/B1a/B1a.i:1632.3:
The following error occurred in the TimeStepper 'IterationAdaptiveDT' of type IterationAdaptiveDT.

Solve failed and timestep already at dtmin, cannot continue![39m

Abort(1) on node 15 (rank 15 in comm 0): application called MPI_Abort(MPI_COMM_WORLD, 1) - process 15

[31m
*** ERROR ***
/home/emmanuel324/projects/belson324/KKS_large_largescale/10-17-25/Bicrystal/B1a/B1a.i:1632.3:
The following error occurred in the TimeStepper 'IterationAdaptiveDT' of type IterationAdaptiveDT.

Solve failed and timestep already at dtmin, cannot continue![39m

Abort(1) on node 16 (rank 16 in comm 0): application called MPI_Abort(MPI_COMM_WORLD, 1) - process 16

[31m
*** ERROR ***
/home/emmanuel324/projects/belson324/KKS_large_largescale/10-17-25/Bicrystal/B1a/B1a.i:1632.3:
The following error occurred in the TimeStepper 'IterationAdaptiveDT' of type IterationAdaptiveDT.

Solve failed and timestep already at dtmin, cannot continue![39m

Abort(1) on node 17 (rank 17 in comm 0): application called MPI_Abort(MPI_COMM_WORLD, 1) - process 17

[31m
*** ERROR ***
/home/emmanuel324/projects/belson324/KKS_large_largescale/10-17-25/Bicrystal/B1a/B1a.i:1632.3:
The following error occurred in the TimeStepper 'IterationAdaptiveDT' of type IterationAdaptiveDT.

Solve failed and timestep already at dtmin, cannot continue![39m

Abort(1) on node 18 (rank 18 in comm 0): application called MPI_Abort(MPI_COMM_WORLD, 1) - process 18

[31m
*** ERROR ***
/home/emmanuel324/projects/belson324/KKS_large_largescale/10-17-25/Bicrystal/B1a/B1a.i:1632.3:
The following error occurred in the TimeStepper 'IterationAdaptiveDT' of type IterationAdaptiveDT.

Solve failed and timestep already at dtmin, cannot continue![39m

Abort(1) on node 19 (rank 19 in comm 0): application called MPI_Abort(MPI_COMM_WORLD, 1) - process 19

[31m
*** ERROR ***
/home/emmanuel324/projects/belson324/KKS_large_largescale/10-17-25/Bicrystal/B1a/B1a.i:1632.3:
The following error occurred in the TimeStepper 'IterationAdaptiveDT' of type IterationAdaptiveDT.

Solve failed and timestep already at dtmin, cannot continue![39m

Abort(1) on node 20 (rank 20 in comm 0): application called MPI_Abort(MPI_COMM_WORLD, 1) - process 20

[31m
*** ERROR ***
/home/emmanuel324/projects/belson324/KKS_large_largescale/10-17-25/Bicrystal/B1a/B1a.i:1632.3:
The following error occurred in the TimeStepper 'IterationAdaptiveDT' of type IterationAdaptiveDT.

Solve failed and timestep already at dtmin, cannot continue![39m

Abort(1) on node 21 (rank 21 in comm 0): application called MPI_Abort(MPI_COMM_WORLD, 1) - process 21

[31m
*** ERROR ***
/home/emmanuel324/projects/belson324/KKS_large_largescale/10-17-25/Bicrystal/B1a/B1a.i:1632.3:
The following error occurred in the TimeStepper 'IterationAdaptiveDT' of type IterationAdaptiveDT.

Solve failed and timestep already at dtmin, cannot continue![39m

Abort(1) on node 24 (rank 24 in comm 0): application called MPI_Abort(MPI_COMM_WORLD, 1) - process 24

[31m
*** ERROR ***
/home/emmanuel324/projects/belson324/KKS_large_largescale/10-17-25/Bicrystal/B1a/B1a.i:1632.3:
The following error occurred in the TimeStepper 'IterationAdaptiveDT' of type IterationAdaptiveDT.

Solve failed and timestep already at dtmin, cannot continue![39m

Abort(1) on node 26 (rank 26 in comm 0): application called MPI_Abort(MPI_COMM_WORLD, 1) - process 26

[31m
*** ERROR ***
/home/emmanuel324/projects/belson324/KKS_large_largescale/10-17-25/Bicrystal/B1a/B1a.i:1632.3:
The following error occurred in the TimeStepper 'IterationAdaptiveDT' of type IterationAdaptiveDT.

Solve failed and timestep already at dtmin, cannot continue![39m

Abort(1) on node 28 (rank 28 in comm 0): application called MPI_Abort(MPI_COMM_WORLD, 1) - process 28

[31m
*** ERROR ***
/home/emmanuel324/projects/belson324/KKS_large_largescale/10-17-25/Bicrystal/B1a/B1a.i:1632.3:
The following error occurred in the TimeStepper 'IterationAdaptiveDT' of type IterationAdaptiveDT.

Solve failed and timestep already at dtmin, cannot continue![39m

Abort(1) on node 30 (rank 30 in comm 0): application called MPI_Abort(MPI_COMM_WORLD, 1) - process 30

[31m
*** ERROR ***
/home/emmanuel324/projects/belson324/KKS_large_largescale/10-17-25/Bicrystal/B1a/B1a.i:1632.3:
The following error occurred in the TimeStepper 'IterationAdaptiveDT' of type IterationAdaptiveDT.

Solve failed and timestep already at dtmin, cannot continue![39m

Abort(1) on node 31 (rank 31 in comm 0): application called MPI_Abort(MPI_COMM_WORLD, 1) - process 31

[31m
*** ERROR ***
/home/emmanuel324/projects/belson324/KKS_large_largescale/10-17-25/Bicrystal/B1a/B1a.i:1632.3:
The following error occurred in the TimeStepper 'IterationAdaptiveDT' of type IterationAdaptiveDT.

Solve failed and timestep already at dtmin, cannot continue![39m

Abort(1) on node 33 (rank 33 in comm 0): application called MPI_Abort(MPI_COMM_WORLD, 1) - process 33

[31m
*** ERROR ***
/home/emmanuel324/projects/belson324/KKS_large_largescale/10-17-25/Bicrystal/B1a/B1a.i:1632.3:
The following error occurred in the TimeStepper 'IterationAdaptiveDT' of type IterationAdaptiveDT.

Solve failed and timestep already at dtmin, cannot continue![39m

Abort(1) on node 35 (rank 35 in comm 0): application called MPI_Abort(MPI_COMM_WORLD, 1) - process 35

[31m
*** ERROR ***
/home/emmanuel324/projects/belson324/KKS_large_largescale/10-17-25/Bicrystal/B1a/B1a.i:1632.3:
The following error occurred in the TimeStepper 'IterationAdaptiveDT' of type IterationAdaptiveDT.

Solve failed and timestep already at dtmin, cannot continue![39m

Abort(1) on node 45 (rank 45 in comm 0): application called MPI_Abort(MPI_COMM_WORLD, 1) - process 45

[31m
*** ERROR ***
/home/emmanuel324/projects/belson324/KKS_large_largescale/10-17-25/Bicrystal/B1a/B1a.i:1632.3:
The following error occurred in the TimeStepper 'IterationAdaptiveDT' of type IterationAdaptiveDT.

Solve failed and timestep already at dtmin, cannot continue![39m

Abort(1) on node 47 (rank 47 in comm 0): application called MPI_Abort(MPI_COMM_WORLD, 1) - process 47

[31m
*** ERROR ***
/home/emmanuel324/projects/belson324/KKS_large_largescale/10-17-25/Bicrystal/B1a/B1a.i:1632.3:
The following error occurred in the TimeStepper 'IterationAdaptiveDT' of type IterationAdaptiveDT.

Solve failed and timestep already at dtmin, cannot continue![39m

Abort(1) on node 56 (rank 56 in comm 0): application called MPI_Abort(MPI_COMM_WORLD, 1) - process 56

[31m
*** ERROR ***
/home/emmanuel324/projects/belson324/KKS_large_largescale/10-17-25/Bicrystal/B1a/B1a.i:1632.3:
The following error occurred in the TimeStepper 'IterationAdaptiveDT' of type IterationAdaptiveDT.

Solve failed and timestep already at dtmin, cannot continue![39m

Abort(1) on node 57 (rank 57 in comm 0): application called MPI_Abort(MPI_COMM_WORLD, 1) - process 57

[31m
*** ERROR ***
/home/emmanuel324/projects/belson324/KKS_large_largescale/10-17-25/Bicrystal/B1a/B1a.i:1632.3:
The following error occurred in the TimeStepper 'IterationAdaptiveDT' of type IterationAdaptiveDT.

Solve failed and timestep already at dtmin, cannot continue![39m

Abort(1) on node 58 (rank 58 in comm 0): application called MPI_Abort(MPI_COMM_WORLD, 1) - process 58

[31m
*** ERROR ***
/home/emmanuel324/projects/belson324/KKS_large_largescale/10-17-25/Bicrystal/B1a/B1a.i:1632.3:
The following error occurred in the TimeStepper 'IterationAdaptiveDT' of type IterationAdaptiveDT.

Solve failed and timestep already at dtmin, cannot continue![39m

Abort(1) on node 59 (rank 59 in comm 0): application called MPI_Abort(MPI_COMM_WORLD, 1) - process 59

[31m
*** ERROR ***
/home/emmanuel324/projects/belson324/KKS_large_largescale/10-17-25/Bicrystal/B1a/B1a.i:1632.3:
The following error occurred in the TimeStepper 'IterationAdaptiveDT' of type IterationAdaptiveDT.

Solve failed and timestep already at dtmin, cannot continue![39m

Abort(1) on node 60 (rank 60 in comm 0): application called MPI_Abort(MPI_COMM_WORLD, 1) - process 60

[31m
*** ERROR ***
/home/emmanuel324/projects/belson324/KKS_large_largescale/10-17-25/Bicrystal/B1a/B1a.i:1632.3:
The following error occurred in the TimeStepper 'IterationAdaptiveDT' of type IterationAdaptiveDT.

Solve failed and timestep already at dtmin, cannot continue![39m

Abort(1) on node 61 (rank 61 in comm 0): application called MPI_Abort(MPI_COMM_WORLD, 1) - process 61

[31m
*** ERROR ***
/home/emmanuel324/projects/belson324/KKS_large_largescale/10-17-25/Bicrystal/B1a/B1a.i:1632.3:
The following error occurred in the TimeStepper 'IterationAdaptiveDT' of type IterationAdaptiveDT.

Solve failed and timestep already at dtmin, cannot continue![39m

Abort(1) on node 62 (rank 62 in comm 0): application called MPI_Abort(MPI_COMM_WORLD, 1) - process 62

[31m
*** ERROR ***
/home/emmanuel324/projects/belson324/KKS_large_largescale/10-17-25/Bicrystal/B1a/B1a.i:1632.3:
The following error occurred in the TimeStepper 'IterationAdaptiveDT' of type IterationAdaptiveDT.

Solve failed and timestep already at dtmin, cannot continue![39m

Abort(1) on node 63 (rank 63 in comm 0): application called MPI_Abort(MPI_COMM_WORLD, 1) - process 63

[31m
*** ERROR ***
/home/emmanuel324/projects/belson324/KKS_large_largescale/10-17-25/Bicrystal/B1a/B1a.i:1632.3:
The following error occurred in the TimeStepper 'IterationAdaptiveDT' of type IterationAdaptiveDT.

Solve failed and timestep already at dtmin, cannot continue![39m

Abort(1) on node 106 (rank 106 in comm 0): application called MPI_Abort(MPI_COMM_WORLD, 1) - process 106

[31m
*** ERROR ***
/home/emmanuel324/projects/belson324/KKS_large_largescale/10-17-25/Bicrystal/B1a/B1a.i:1632.3:
The following error occurred in the TimeStepper 'IterationAdaptiveDT' of type IterationAdaptiveDT.

Solve failed and timestep already at dtmin, cannot continue![39m

Abort(1) on node 108 (rank 108 in comm 0): application called MPI_Abort(MPI_COMM_WORLD, 1) - process 108

[31m
*** ERROR ***
/home/emmanuel324/projects/belson324/KKS_large_largescale/10-17-25/Bicrystal/B1a/B1a.i:1632.3:
The following error occurred in the TimeStepper 'IterationAdaptiveDT' of type IterationAdaptiveDT.

Solve failed and timestep already at dtmin, cannot continue![39m

Abort(1) on node 109 (rank 109 in comm 0): application called MPI_Abort(MPI_COMM_WORLD, 1) - process 109

[31m
*** ERROR ***
/home/emmanuel324/projects/belson324/KKS_large_largescale/10-17-25/Bicrystal/B1a/B1a.i:1632.3:
The following error occurred in the TimeStepper 'IterationAdaptiveDT' of type IterationAdaptiveDT.

Solve failed and timestep already at dtmin, cannot continue![39m

Abort(1) on node 110 (rank 110 in comm 0): application called MPI_Abort(MPI_COMM_WORLD, 1) - process 110

[31m
*** ERROR ***
/home/emmanuel324/projects/belson324/KKS_large_largescale/10-17-25/Bicrystal/B1a/B1a.i:1632.3:
The following error occurred in the TimeStepper 'IterationAdaptiveDT' of type IterationAdaptiveDT.

Solve failed and timestep already at dtmin, cannot continue![39m

Abort(1) on node 111 (rank 111 in comm 0): application called MPI_Abort(MPI_COMM_WORLD, 1) - process 111

[31m
*** ERROR ***
/home/emmanuel324/projects/belson324/KKS_large_largescale/10-17-25/Bicrystal/B1a/B1a.i:1632.3:
The following error occurred in the TimeStepper 'IterationAdaptiveDT' of type IterationAdaptiveDT.

Solve failed and timestep already at dtmin, cannot continue![39m

Abort(1) on node 27 (rank 27 in comm 0): application called MPI_Abort(MPI_COMM_WORLD, 1) - process 27

[31m
*** ERROR ***
/home/emmanuel324/projects/belson324/KKS_large_largescale/10-17-25/Bicrystal/B1a/B1a.i:1632.3:
The following error occurred in the TimeStepper 'IterationAdaptiveDT' of type IterationAdaptiveDT.

Solve failed and timestep already at dtmin, cannot continue![39m

Abort(1) on node 29 (rank 29 in comm 0): application called MPI_Abort(MPI_COMM_WORLD, 1) - process 29

[31m
*** ERROR ***
/home/emmanuel324/projects/belson324/KKS_large_largescale/10-17-25/Bicrystal/B1a/B1a.i:1632.3:
The following error occurred in the TimeStepper 'IterationAdaptiveDT' of type IterationAdaptiveDT.

Solve failed and timestep already at dtmin, cannot continue![39m

Abort(1) on node 32 (rank 32 in comm 0): application called MPI_Abort(MPI_COMM_WORLD, 1) - process 32

[31m
*** ERROR ***
/home/emmanuel324/projects/belson324/KKS_large_largescale/10-17-25/Bicrystal/B1a/B1a.i:1632.3:
The following error occurred in the TimeStepper 'IterationAdaptiveDT' of type IterationAdaptiveDT.

Solve failed and timestep already at dtmin, cannot continue![39m

Abort(1) on node 34 (rank 34 in comm 0): application called MPI_Abort(MPI_COMM_WORLD, 1) - process 34

[31m
*** ERROR ***
/home/emmanuel324/projects/belson324/KKS_large_largescale/10-17-25/Bicrystal/B1a/B1a.i:1632.3:
The following error occurred in the TimeStepper 'IterationAdaptiveDT' of type IterationAdaptiveDT.

Solve failed and timestep already at dtmin, cannot continue![39m

Abort(1) on node 36 (rank 36 in comm 0): application called MPI_Abort(MPI_COMM_WORLD, 1) - process 36

[31m
*** ERROR ***
/home/emmanuel324/projects/belson324/KKS_large_largescale/10-17-25/Bicrystal/B1a/B1a.i:1632.3:
The following error occurred in the TimeStepper 'IterationAdaptiveDT' of type IterationAdaptiveDT.

Solve failed and timestep already at dtmin, cannot continue![39m

Abort(1) on node 42 (rank 42 in comm 0): application called MPI_Abort(MPI_COMM_WORLD, 1) - process 42

[31m
*** ERROR ***
/home/emmanuel324/projects/belson324/KKS_large_largescale/10-17-25/Bicrystal/B1a/B1a.i:1632.3:
The following error occurred in the TimeStepper 'IterationAdaptiveDT' of type IterationAdaptiveDT.

Solve failed and timestep already at dtmin, cannot continue![39m

Abort(1) on node 46 (rank 46 in comm 0): application called MPI_Abort(MPI_COMM_WORLD, 1) - process 46

[31m
*** ERROR ***
/home/emmanuel324/projects/belson324/KKS_large_largescale/10-17-25/Bicrystal/B1a/B1a.i:1632.3:
The following error occurred in the TimeStepper 'IterationAdaptiveDT' of type IterationAdaptiveDT.

Solve failed and timestep already at dtmin, cannot continue![39m

Abort(1) on node 48 (rank 48 in comm 0): application called MPI_Abort(MPI_COMM_WORLD, 1) - process 48

[31m
*** ERROR ***
/home/emmanuel324/projects/belson324/KKS_large_largescale/10-17-25/Bicrystal/B1a/B1a.i:1632.3:
The following error occurred in the TimeStepper 'IterationAdaptiveDT' of type IterationAdaptiveDT.

Solve failed and timestep already at dtmin, cannot continue![39m

Abort(1) on node 49 (rank 49 in comm 0): application called MPI_Abort(MPI_COMM_WORLD, 1) - process 49

[31m
*** ERROR ***
/home/emmanuel324/projects/belson324/KKS_large_largescale/10-17-25/Bicrystal/B1a/B1a.i:1632.3:
The following error occurred in the TimeStepper 'IterationAdaptiveDT' of type IterationAdaptiveDT.

Solve failed and timestep already at dtmin, cannot continue![39m

Abort(1) on node 50 (rank 50 in comm 0): application called MPI_Abort(MPI_COMM_WORLD, 1) - process 50

[31m
*** ERROR ***
/home/emmanuel324/projects/belson324/KKS_large_largescale/10-17-25/Bicrystal/B1a/B1a.i:1632.3:
The following error occurred in the TimeStepper 'IterationAdaptiveDT' of type IterationAdaptiveDT.

Solve failed and timestep already at dtmin, cannot continue![39m

Abort(1) on node 51 (rank 51 in comm 0): application called MPI_Abort(MPI_COMM_WORLD, 1) - process 51

[31m
*** ERROR ***
/home/emmanuel324/projects/belson324/KKS_large_largescale/10-17-25/Bicrystal/B1a/B1a.i:1632.3:
The following error occurred in the TimeStepper 'IterationAdaptiveDT' of type IterationAdaptiveDT.

Solve failed and timestep already at dtmin, cannot continue![39m

Abort(1) on node 52 (rank 52 in comm 0): application called MPI_Abort(MPI_COMM_WORLD, 1) - process 52

[31m
*** ERROR ***
/home/emmanuel324/projects/belson324/KKS_large_largescale/10-17-25/Bicrystal/B1a/B1a.i:1632.3:
The following error occurred in the TimeStepper 'IterationAdaptiveDT' of type IterationAdaptiveDT.

Solve failed and timestep already at dtmin, cannot continue![39m

Abort(1) on node 53 (rank 53 in comm 0): application called MPI_Abort(MPI_COMM_WORLD, 1) - process 53

[31m
*** ERROR ***
/home/emmanuel324/projects/belson324/KKS_large_largescale/10-17-25/Bicrystal/B1a/B1a.i:1632.3:
The following error occurred in the TimeStepper 'IterationAdaptiveDT' of type IterationAdaptiveDT.

Solve failed and timestep already at dtmin, cannot continue![39m

Abort(1) on node 64 (rank 64 in comm 0): application called MPI_Abort(MPI_COMM_WORLD, 1) - process 64

[31m
*** ERROR ***
/home/emmanuel324/projects/belson324/KKS_large_largescale/10-17-25/Bicrystal/B1a/B1a.i:1632.3:
The following error occurred in the TimeStepper 'IterationAdaptiveDT' of type IterationAdaptiveDT.

Solve failed and timestep already at dtmin, cannot continue![39m

Abort(1) on node 65 (rank 65 in comm 0): application called MPI_Abort(MPI_COMM_WORLD, 1) - process 65

[31m
*** ERROR ***
/home/emmanuel324/projects/belson324/KKS_large_largescale/10-17-25/Bicrystal/B1a/B1a.i:1632.3:
The following error occurred in the TimeStepper 'IterationAdaptiveDT' of type IterationAdaptiveDT.

Solve failed and timestep already at dtmin, cannot continue![39m

Abort(1) on node 66 (rank 66 in comm 0): application called MPI_Abort(MPI_COMM_WORLD, 1) - process 66

[31m
*** ERROR ***
/home/emmanuel324/projects/belson324/KKS_large_largescale/10-17-25/Bicrystal/B1a/B1a.i:1632.3:
The following error occurred in the TimeStepper 'IterationAdaptiveDT' of type IterationAdaptiveDT.

Solve failed and timestep already at dtmin, cannot continue![39m

Abort(1) on node 67 (rank 67 in comm 0): application called MPI_Abort(MPI_COMM_WORLD, 1) - process 67

[31m
*** ERROR ***
/home/emmanuel324/projects/belson324/KKS_large_largescale/10-17-25/Bicrystal/B1a/B1a.i:1632.3:
The following error occurred in the TimeStepper 'IterationAdaptiveDT' of type IterationAdaptiveDT.

Solve failed and timestep already at dtmin, cannot continue![39m

Abort(1) on node 68 (rank 68 in comm 0): application called MPI_Abort(MPI_COMM_WORLD, 1) - process 68

[31m
*** ERROR ***
/home/emmanuel324/projects/belson324/KKS_large_largescale/10-17-25/Bicrystal/B1a/B1a.i:1632.3:
The following error occurred in the TimeStepper 'IterationAdaptiveDT' of type IterationAdaptiveDT.

Solve failed and timestep already at dtmin, cannot continue![39m

Abort(1) on node 69 (rank 69 in comm 0): application called MPI_Abort(MPI_COMM_WORLD, 1) - process 69

[31m
*** ERROR ***
/home/emmanuel324/projects/belson324/KKS_large_largescale/10-17-25/Bicrystal/B1a/B1a.i:1632.3:
The following error occurred in the TimeStepper 'IterationAdaptiveDT' of type IterationAdaptiveDT.

Solve failed and timestep already at dtmin, cannot continue![39m

Abort(1) on node 70 (rank 70 in comm 0): application called MPI_Abort(MPI_COMM_WORLD, 1) - process 70

[31m
*** ERROR ***
/home/emmanuel324/projects/belson324/KKS_large_largescale/10-17-25/Bicrystal/B1a/B1a.i:1632.3:
The following error occurred in the TimeStepper 'IterationAdaptiveDT' of type IterationAdaptiveDT.

Solve failed and timestep already at dtmin, cannot continue![39m

Abort(1) on node 71 (rank 71 in comm 0): application called MPI_Abort(MPI_COMM_WORLD, 1) - process 71

[31m
*** ERROR ***
/home/emmanuel324/projects/belson324/KKS_large_largescale/10-17-25/Bicrystal/B1a/B1a.i:1632.3:
The following error occurred in the TimeStepper 'IterationAdaptiveDT' of type IterationAdaptiveDT.

Solve failed and timestep already at dtmin, cannot continue![39m

Abort(1) on node 72 (rank 72 in comm 0): application called MPI_Abort(MPI_COMM_WORLD, 1) - process 72

[31m
*** ERROR ***
/home/emmanuel324/projects/belson324/KKS_large_largescale/10-17-25/Bicrystal/B1a/B1a.i:1632.3:
The following error occurred in the TimeStepper 'IterationAdaptiveDT' of type IterationAdaptiveDT.

Solve failed and timestep already at dtmin, cannot continue![39m

Abort(1) on node 73 (rank 73 in comm 0): application called MPI_Abort(MPI_COMM_WORLD, 1) - process 73

[31m
*** ERROR ***
/home/emmanuel324/projects/belson324/KKS_large_largescale/10-17-25/Bicrystal/B1a/B1a.i:1632.3:
The following error occurred in the TimeStepper 'IterationAdaptiveDT' of type IterationAdaptiveDT.

Solve failed and timestep already at dtmin, cannot continue![39m

Abort(1) on node 74 (rank 74 in comm 0): application called MPI_Abort(MPI_COMM_WORLD, 1) - process 74

[31m
*** ERROR ***
/home/emmanuel324/projects/belson324/KKS_large_largescale/10-17-25/Bicrystal/B1a/B1a.i:1632.3:
The following error occurred in the TimeStepper 'IterationAdaptiveDT' of type IterationAdaptiveDT.

Solve failed and timestep already at dtmin, cannot continue![39m

Abort(1) on node 75 (rank 75 in comm 0): application called MPI_Abort(MPI_COMM_WORLD, 1) - process 75

[31m
*** ERROR ***
/home/emmanuel324/projects/belson324/KKS_large_largescale/10-17-25/Bicrystal/B1a/B1a.i:1632.3:
The following error occurred in the TimeStepper 'IterationAdaptiveDT' of type IterationAdaptiveDT.

Solve failed and timestep already at dtmin, cannot continue![39m

Abort(1) on node 76 (rank 76 in comm 0): application called MPI_Abort(MPI_COMM_WORLD, 1) - process 76

[31m
*** ERROR ***
/home/emmanuel324/projects/belson324/KKS_large_largescale/10-17-25/Bicrystal/B1a/B1a.i:1632.3:
The following error occurred in the TimeStepper 'IterationAdaptiveDT' of type IterationAdaptiveDT.

Solve failed and timestep already at dtmin, cannot continue![39m

Abort(1) on node 77 (rank 77 in comm 0): application called MPI_Abort(MPI_COMM_WORLD, 1) - process 77

[31m
*** ERROR ***
/home/emmanuel324/projects/belson324/KKS_large_largescale/10-17-25/Bicrystal/B1a/B1a.i:1632.3:
The following error occurred in the TimeStepper 'IterationAdaptiveDT' of type IterationAdaptiveDT.

Solve failed and timestep already at dtmin, cannot continue![39m

Abort(1) on node 78 (rank 78 in comm 0): application called MPI_Abort(MPI_COMM_WORLD, 1) - process 78

[31m
*** ERROR ***
/home/emmanuel324/projects/belson324/KKS_large_largescale/10-17-25/Bicrystal/B1a/B1a.i:1632.3:
The following error occurred in the TimeStepper 'IterationAdaptiveDT' of type IterationAdaptiveDT.

Solve failed and timestep already at dtmin, cannot continue![39m

Abort(1) on node 79 (rank 79 in comm 0): application called MPI_Abort(MPI_COMM_WORLD, 1) - process 79

[31m
*** ERROR ***
/home/emmanuel324/projects/belson324/KKS_large_largescale/10-17-25/Bicrystal/B1a/B1a.i:1632.3:
The following error occurred in the TimeStepper 'IterationAdaptiveDT' of type IterationAdaptiveDT.

Solve failed and timestep already at dtmin, cannot continue![39m

Abort(1) on node 80 (rank 80 in comm 0): application called MPI_Abort(MPI_COMM_WORLD, 1) - process 80

[31m
*** ERROR ***
srun: Job step aborted: Waiting up to 62 seconds for job step to finish.
/home/emmanuel324/projects/belson324/KKS_large_largescale/10-17-25/Bicrystal/B1a/B1a.i:1632.3:
The following error occurred in the TimeStepper 'IterationAdaptiveDT' of type IterationAdaptiveDT.

Solve failed and timestep already at dtmin, cannot continue![39m

Abort(1) on node 81 (rank 81 in comm 0): application called MPI_Abort(MPI_COMM_WORLD, 1) - process 81

[31m
*** ERROR ***
/home/emmanuel324/projects/belson324/KKS_large_largescale/10-17-25/Bicrystal/B1a/B1a.i:1632.3:
The following error occurred in the TimeStepper 'IterationAdaptiveDT' of type IterationAdaptiveDT.

Solve failed and timestep already at dtmin, cannot continue![39m

Abort(1) on node 82 (rank 82 in comm 0): application called MPI_Abort(MPI_COMM_WORLD, 1) - process 82

[31m
*** ERROR ***
/home/emmanuel324/projects/belson324/KKS_large_largescale/10-17-25/Bicrystal/B1a/B1a.i:1632.3:
The following error occurred in the TimeStepper 'IterationAdaptiveDT' of type IterationAdaptiveDT.

Solve failed and timestep already at dtmin, cannot continue![39m

Abort(1) on node 83 (rank 83 in comm 0): application called MPI_Abort(MPI_COMM_WORLD, 1) - process 83

[31m
*** ERROR ***
/home/emmanuel324/projects/belson324/KKS_large_largescale/10-17-25/Bicrystal/B1a/B1a.i:1632.3:
The following error occurred in the TimeStepper 'IterationAdaptiveDT' of type IterationAdaptiveDT.

Solve failed and timestep already at dtmin, cannot continue![39m

Abort(1) on node 84 (rank 84 in comm 0): application called MPI_Abort(MPI_COMM_WORLD, 1) - process 84

[31m
*** ERROR ***
/home/emmanuel324/projects/belson324/KKS_large_largescale/10-17-25/Bicrystal/B1a/B1a.i:1632.3:
The following error occurred in the TimeStepper 'IterationAdaptiveDT' of type IterationAdaptiveDT.

Solve failed and timestep already at dtmin, cannot continue![39m

Abort(1) on node 85 (rank 85 in comm 0): application called MPI_Abort(MPI_COMM_WORLD, 1) - process 85

[31m
*** ERROR ***
/home/emmanuel324/projects/belson324/KKS_large_largescale/10-17-25/Bicrystal/B1a/B1a.i:1632.3:
The following error occurred in the TimeStepper 'IterationAdaptiveDT' of type IterationAdaptiveDT.

Solve failed and timestep already at dtmin, cannot continue![39m

Abort(1) on node 86 (rank 86 in comm 0): application called MPI_Abort(MPI_COMM_WORLD, 1) - process 86

[31m
*** ERROR ***
/home/emmanuel324/projects/belson324/KKS_large_largescale/10-17-25/Bicrystal/B1a/B1a.i:1632.3:
The following error occurred in the TimeStepper 'IterationAdaptiveDT' of type IterationAdaptiveDT.

Solve failed and timestep already at dtmin, cannot continue![39m

Abort(1) on node 87 (rank 87 in comm 0): application called MPI_Abort(MPI_COMM_WORLD, 1) - process 87

[31m
*** ERROR ***
/home/emmanuel324/projects/belson324/KKS_large_largescale/10-17-25/Bicrystal/B1a/B1a.i:1632.3:
The following error occurred in the TimeStepper 'IterationAdaptiveDT' of type IterationAdaptiveDT.

Solve failed and timestep already at dtmin, cannot continue![39m

Abort(1) on node 88 (rank 88 in comm 0): application called MPI_Abort(MPI_COMM_WORLD, 1) - process 88

[31m
*** ERROR ***
/home/emmanuel324/projects/belson324/KKS_large_largescale/10-17-25/Bicrystal/B1a/B1a.i:1632.3:
The following error occurred in the TimeStepper 'IterationAdaptiveDT' of type IterationAdaptiveDT.

Solve failed and timestep already at dtmin, cannot continue![39m

Abort(1) on node 89 (rank 89 in comm 0): application called MPI_Abort(MPI_COMM_WORLD, 1) - process 89

[31m
*** ERROR ***
/home/emmanuel324/projects/belson324/KKS_large_largescale/10-17-25/Bicrystal/B1a/B1a.i:1632.3:
The following error occurred in the TimeStepper 'IterationAdaptiveDT' of type IterationAdaptiveDT.

Solve failed and timestep already at dtmin, cannot continue![39m

Abort(1) on node 90 (rank 90 in comm 0): application called MPI_Abort(MPI_COMM_WORLD, 1) - process 90

[31m
*** ERROR ***
/home/emmanuel324/projects/belson324/KKS_large_largescale/10-17-25/Bicrystal/B1a/B1a.i:1632.3:
The following error occurred in the TimeStepper 'IterationAdaptiveDT' of type IterationAdaptiveDT.

Solve failed and timestep already at dtmin, cannot continue![39m

Abort(1) on node 91 (rank 91 in comm 0): application called MPI_Abort(MPI_COMM_WORLD, 1) - process 91

[31m
*** ERROR ***
/home/emmanuel324/projects/belson324/KKS_large_largescale/10-17-25/Bicrystal/B1a/B1a.i:1632.3:
The following error occurred in the TimeStepper 'IterationAdaptiveDT' of type IterationAdaptiveDT.

Solve failed and timestep already at dtmin, cannot continue![39m

Abort(1) on node 92 (rank 92 in comm 0): application called MPI_Abort(MPI_COMM_WORLD, 1) - process 92

[31m
*** ERROR ***
/home/emmanuel324/projects/belson324/KKS_large_largescale/10-17-25/Bicrystal/B1a/B1a.i:1632.3:
The following error occurred in the TimeStepper 'IterationAdaptiveDT' of type IterationAdaptiveDT.

Solve failed and timestep already at dtmin, cannot continue![39m

Abort(1) on node 93 (rank 93 in comm 0): application called MPI_Abort(MPI_COMM_WORLD, 1) - process 93

[31m
*** ERROR ***
/home/emmanuel324/projects/belson324/KKS_large_largescale/10-17-25/Bicrystal/B1a/B1a.i:1632.3:
The following error occurred in the TimeStepper 'IterationAdaptiveDT' of type IterationAdaptiveDT.

Solve failed and timestep already at dtmin, cannot continue![39m

Abort(1) on node 94 (rank 94 in comm 0): application called MPI_Abort(MPI_COMM_WORLD, 1) - process 94

[31m
*** ERROR ***
/home/emmanuel324/projects/belson324/KKS_large_largescale/10-17-25/Bicrystal/B1a/B1a.i:1632.3:
The following error occurred in the TimeStepper 'IterationAdaptiveDT' of type IterationAdaptiveDT.

Solve failed and timestep already at dtmin, cannot continue![39m

Abort(1) on node 95 (rank 95 in comm 0): application called MPI_Abort(MPI_COMM_WORLD, 1) - process 95

[31m
*** ERROR ***
/home/emmanuel324/projects/belson324/KKS_large_largescale/10-17-25/Bicrystal/B1a/B1a.i:1632.3:
The following error occurred in the TimeStepper 'IterationAdaptiveDT' of type IterationAdaptiveDT.

Solve failed and timestep already at dtmin, cannot continue![39m

Abort(1) on node 96 (rank 96 in comm 0): application called MPI_Abort(MPI_COMM_WORLD, 1) - process 96

[31m
*** ERROR ***
/home/emmanuel324/projects/belson324/KKS_large_largescale/10-17-25/Bicrystal/B1a/B1a.i:1632.3:
The following error occurred in the TimeStepper 'IterationAdaptiveDT' of type IterationAdaptiveDT.

Solve failed and timestep already at dtmin, cannot continue![39m

Abort(1) on node 97 (rank 97 in comm 0): application called MPI_Abort(MPI_COMM_WORLD, 1) - process 97

[31m
*** ERROR ***
/home/emmanuel324/projects/belson324/KKS_large_largescale/10-17-25/Bicrystal/B1a/B1a.i:1632.3:
The following error occurred in the TimeStepper 'IterationAdaptiveDT' of type IterationAdaptiveDT.

Solve failed and timestep already at dtmin, cannot continue![39m

Abort(1) on node 98 (rank 98 in comm 0): application called MPI_Abort(MPI_COMM_WORLD, 1) - process 98

[31m
*** ERROR ***
/home/emmanuel324/projects/belson324/KKS_large_largescale/10-17-25/Bicrystal/B1a/B1a.i:1632.3:
The following error occurred in the TimeStepper 'IterationAdaptiveDT' of type IterationAdaptiveDT.

Solve failed and timestep already at dtmin, cannot continue![39m

Abort(1) on node 99 (rank 99 in comm 0): application called MPI_Abort(MPI_COMM_WORLD, 1) - process 99

[31m
*** ERROR ***
/home/emmanuel324/projects/belson324/KKS_large_largescale/10-17-25/Bicrystal/B1a/B1a.i:1632.3:
The following error occurred in the TimeStepper 'IterationAdaptiveDT' of type IterationAdaptiveDT.

Solve failed and timestep already at dtmin, cannot continue![39m

Abort(1) on node 100 (rank 100 in comm 0): application called MPI_Abort(MPI_COMM_WORLD, 1) - process 100

[31m
*** ERROR ***
/home/emmanuel324/projects/belson324/KKS_large_largescale/10-17-25/Bicrystal/B1a/B1a.i:1632.3:
The following error occurred in the TimeStepper 'IterationAdaptiveDT' of type IterationAdaptiveDT.

Solve failed and timestep already at dtmin, cannot continue![39m

Abort(1) on node 101 (rank 101 in comm 0): application called MPI_Abort(MPI_COMM_WORLD, 1) - process 101

[31m
*** ERROR ***
/home/emmanuel324/projects/belson324/KKS_large_largescale/10-17-25/Bicrystal/B1a/B1a.i:1632.3:
The following error occurred in the TimeStepper 'IterationAdaptiveDT' of type IterationAdaptiveDT.

Solve failed and timestep already at dtmin, cannot continue![39m

Abort(1) on node 102 (rank 102 in comm 0): application called MPI_Abort(MPI_COMM_WORLD, 1) - process 102

[31m
*** ERROR ***
/home/emmanuel324/projects/belson324/KKS_large_largescale/10-17-25/Bicrystal/B1a/B1a.i:1632.3:
The following error occurred in the TimeStepper 'IterationAdaptiveDT' of type IterationAdaptiveDT.

Solve failed and timestep already at dtmin, cannot continue![39m

Abort(1) on node 103 (rank 103 in comm 0): application called MPI_Abort(MPI_COMM_WORLD, 1) - process 103

[31m
*** ERROR ***
/home/emmanuel324/projects/belson324/KKS_large_largescale/10-17-25/Bicrystal/B1a/B1a.i:1632.3:
The following error occurred in the TimeStepper 'IterationAdaptiveDT' of type IterationAdaptiveDT.

Solve failed and timestep already at dtmin, cannot continue![39m

Abort(1) on node 104 (rank 104 in comm 0): application called MPI_Abort(MPI_COMM_WORLD, 1) - process 104

[31m
*** ERROR ***
/home/emmanuel324/projects/belson324/KKS_large_largescale/10-17-25/Bicrystal/B1a/B1a.i:1632.3:
The following error occurred in the TimeStepper 'IterationAdaptiveDT' of type IterationAdaptiveDT.

Solve failed and timestep already at dtmin, cannot continue![39m

Abort(1) on node 112 (rank 112 in comm 0): application called MPI_Abort(MPI_COMM_WORLD, 1) - process 112

[31m
*** ERROR ***
/home/emmanuel324/projects/belson324/KKS_large_largescale/10-17-25/Bicrystal/B1a/B1a.i:1632.3:
The following error occurred in the TimeStepper 'IterationAdaptiveDT' of type IterationAdaptiveDT.

Solve failed and timestep already at dtmin, cannot continue![39m

Abort(1) on node 113 (rank 113 in comm 0): application called MPI_Abort(MPI_COMM_WORLD, 1) - process 113

[31m
*** ERROR ***
/home/emmanuel324/projects/belson324/KKS_large_largescale/10-17-25/Bicrystal/B1a/B1a.i:1632.3:
The following error occurred in the TimeStepper 'IterationAdaptiveDT' of type IterationAdaptiveDT.

Solve failed and timestep already at dtmin, cannot continue![39m

Abort(1) on node 114 (rank 114 in comm 0): application called MPI_Abort(MPI_COMM_WORLD, 1) - process 114

[31m
*** ERROR ***
/home/emmanuel324/projects/belson324/KKS_large_largescale/10-17-25/Bicrystal/B1a/B1a.i:1632.3:
The following error occurred in the TimeStepper 'IterationAdaptiveDT' of type IterationAdaptiveDT.

Solve failed and timestep already at dtmin, cannot continue![39m

Abort(1) on node 115 (rank 115 in comm 0): application called MPI_Abort(MPI_COMM_WORLD, 1) - process 115

[31m
*** ERROR ***
/home/emmanuel324/projects/belson324/KKS_large_largescale/10-17-25/Bicrystal/B1a/B1a.i:1632.3:
The following error occurred in the TimeStepper 'IterationAdaptiveDT' of type IterationAdaptiveDT.

Solve failed and timestep already at dtmin, cannot continue![39m

Abort(1) on node 116 (rank 116 in comm 0): application called MPI_Abort(MPI_COMM_WORLD, 1) - process 116

[31m
*** ERROR ***
/home/emmanuel324/projects/belson324/KKS_large_largescale/10-17-25/Bicrystal/B1a/B1a.i:1632.3:
The following error occurred in the TimeStepper 'IterationAdaptiveDT' of type IterationAdaptiveDT.

Solve failed and timestep already at dtmin, cannot continue![39m

Abort(1) on node 117 (rank 117 in comm 0): application called MPI_Abort(MPI_COMM_WORLD, 1) - process 117

[31m
*** ERROR ***
/home/emmanuel324/projects/belson324/KKS_large_largescale/10-17-25/Bicrystal/B1a/B1a.i:1632.3:
The following error occurred in the TimeStepper 'IterationAdaptiveDT' of type IterationAdaptiveDT.

Solve failed and timestep already at dtmin, cannot continue![39m

Abort(1) on node 118 (rank 118 in comm 0): application called MPI_Abort(MPI_COMM_WORLD, 1) - process 118

[31m
*** ERROR ***
/home/emmanuel324/projects/belson324/KKS_large_largescale/10-17-25/Bicrystal/B1a/B1a.i:1632.3:
The following error occurred in the TimeStepper 'IterationAdaptiveDT' of type IterationAdaptiveDT.

Solve failed and timestep already at dtmin, cannot continue![39m

Abort(1) on node 119 (rank 119 in comm 0): application called MPI_Abort(MPI_COMM_WORLD, 1) - process 119
slurmstepd: error: *** STEP 3547580.0 ON tc068 CANCELLED AT 2025-10-23T08:11:33 ***

[31m
*** ERROR ***
/home/emmanuel324/projects/belson324/KKS_large_largescale/10-17-25/Bicrystal/B1a/B1a.i:1632.3:
The following error occurred in the TimeStepper 'IterationAdaptiveDT' of type IterationAdaptiveDT.

Solve failed and timestep already at dtmin, cannot continue![39m

Abort(1) on node 0 (rank 0 in comm 0): application called MPI_Abort(MPI_COMM_WORLD, 1) - process 0

[31m
*** ERROR ***
/home/emmanuel324/projects/belson324/KKS_large_largescale/10-17-25/Bicrystal/B1a/B1a.i:1632.3:
The following error occurred in the TimeStepper 'IterationAdaptiveDT' of type IterationAdaptiveDT.

Solve failed and timestep already at dtmin, cannot continue![39m

Abort(1) on node 1 (rank 1 in comm 0): application called MPI_Abort(MPI_COMM_WORLD, 1) - process 1

[31m
*** ERROR ***
/home/emmanuel324/projects/belson324/KKS_large_largescale/10-17-25/Bicrystal/B1a/B1a.i:1632.3:
The following error occurred in the TimeStepper 'IterationAdaptiveDT' of type IterationAdaptiveDT.

Solve failed and timestep already at dtmin, cannot continue![39m

Abort(1) on node 2 (rank 2 in comm 0): application called MPI_Abort(MPI_COMM_WORLD, 1) - process 2

[31m
*** ERROR ***
/home/emmanuel324/projects/belson324/KKS_large_largescale/10-17-25/Bicrystal/B1a/B1a.i:1632.3:
The following error occurred in the TimeStepper 'IterationAdaptiveDT' of type IterationAdaptiveDT.

Solve failed and timestep already at dtmin, cannot continue![39m

Abort(1) on node 4 (rank 4 in comm 0): application called MPI_Abort(MPI_COMM_WORLD, 1) - process 4

[31m
*** ERROR ***
/home/emmanuel324/projects/belson324/KKS_large_largescale/10-17-25/Bicrystal/B1a/B1a.i:1632.3:
The following error occurred in the TimeStepper 'IterationAdaptiveDT' of type IterationAdaptiveDT.

Solve failed and timestep already at dtmin, cannot continue![39m

Abort(1) on node 5 (rank 5 in comm 0): application called MPI_Abort(MPI_COMM_WORLD, 1) - process 5

[31m
*** ERROR ***
/home/emmanuel324/projects/belson324/KKS_large_largescale/10-17-25/Bicrystal/B1a/B1a.i:1632.3:
The following error occurred in the TimeStepper 'IterationAdaptiveDT' of type IterationAdaptiveDT.

Solve failed and timestep already at dtmin, cannot continue![39m

Abort(1) on node 6 (rank 6 in comm 0): application called MPI_Abort(MPI_COMM_WORLD, 1) - process 6

[31m
*** ERROR ***
/home/emmanuel324/projects/belson324/KKS_large_largescale/10-17-25/Bicrystal/B1a/B1a.i:1632.3:
The following error occurred in the TimeStepper 'IterationAdaptiveDT' of type IterationAdaptiveDT.

Solve failed and timestep already at dtmin, cannot continue![39m

Abort(1) on node 7 (rank 7 in comm 0): application called MPI_Abort(MPI_COMM_WORLD, 1) - process 7

[31m
*** ERROR ***
/home/emmanuel324/projects/belson324/KKS_large_largescale/10-17-25/Bicrystal/B1a/B1a.i:1632.3:
The following error occurred in the TimeStepper 'IterationAdaptiveDT' of type IterationAdaptiveDT.

Solve failed and timestep already at dtmin, cannot continue![39m

Abort(1) on node 8 (rank 8 in comm 0): application called MPI_Abort(MPI_COMM_WORLD, 1) - process 8

[31m
*** ERROR ***
/home/emmanuel324/projects/belson324/KKS_large_largescale/10-17-25/Bicrystal/B1a/B1a.i:1632.3:
The following error occurred in the TimeStepper 'IterationAdaptiveDT' of type IterationAdaptiveDT.

Solve failed and timestep already at dtmin, cannot continue![39m

Abort(1) on node 9 (rank 9 in comm 0): application called MPI_Abort(MPI_COMM_WORLD, 1) - process 9

[31m
*** ERROR ***
/home/emmanuel324/projects/belson324/KKS_large_largescale/10-17-25/Bicrystal/B1a/B1a.i:1632.3:
The following error occurred in the TimeStepper 'IterationAdaptiveDT' of type IterationAdaptiveDT.

Solve failed and timestep already at dtmin, cannot continue![39m

Abort(1) on node 10 (rank 10 in comm 0): application called MPI_Abort(MPI_COMM_WORLD, 1) - process 10

[31m
*** ERROR ***
/home/emmanuel324/projects/belson324/KKS_large_largescale/10-17-25/Bicrystal/B1a/B1a.i:1632.3:
The following error occurred in the TimeStepper 'IterationAdaptiveDT' of type IterationAdaptiveDT.

Solve failed and timestep already at dtmin, cannot continue![39m

Abort(1) on node 13 (rank 13 in comm 0): application called MPI_Abort(MPI_COMM_WORLD, 1) - process 13

[31m
*** ERROR ***
/home/emmanuel324/projects/belson324/KKS_large_largescale/10-17-25/Bicrystal/B1a/B1a.i:1632.3:
The following error occurred in the TimeStepper 'IterationAdaptiveDT' of type IterationAdaptiveDT.

Solve failed and timestep already at dtmin, cannot continue![39m

Abort(1) on node 14 (rank 14 in comm 0): application called MPI_Abort(MPI_COMM_WORLD, 1) - process 14

[31m
*** ERROR ***
/home/emmanuel324/projects/belson324/KKS_large_largescale/10-17-25/Bicrystal/B1a/B1a.i:1632.3:
The following error occurred in the TimeStepper 'IterationAdaptiveDT' of type IterationAdaptiveDT.

Solve failed and timestep already at dtmin, cannot continue![39m

Abort(1) on node 22 (rank 22 in comm 0): application called MPI_Abort(MPI_COMM_WORLD, 1) - process 22

[31m
*** ERROR ***
/home/emmanuel324/projects/belson324/KKS_large_largescale/10-17-25/Bicrystal/B1a/B1a.i:1632.3:
The following error occurred in the TimeStepper 'IterationAdaptiveDT' of type IterationAdaptiveDT.

Solve failed and timestep already at dtmin, cannot continue![39m

Abort(1) on node 23 (rank 23 in comm 0): application called MPI_Abort(MPI_COMM_WORLD, 1) - process 23

[31m
*** ERROR ***
/home/emmanuel324/projects/belson324/KKS_large_largescale/10-17-25/Bicrystal/B1a/B1a.i:1632.3:
The following error occurred in the TimeStepper 'IterationAdaptiveDT' of type IterationAdaptiveDT.

Solve failed and timestep already at dtmin, cannot continue![39m

Abort(1) on node 25 (rank 25 in comm 0): application called MPI_Abort(MPI_COMM_WORLD, 1) - process 25

[31m
*** ERROR ***
/home/emmanuel324/projects/belson324/KKS_large_largescale/10-17-25/Bicrystal/B1a/B1a.i:1632.3:
The following error occurred in the TimeStepper 'IterationAdaptiveDT' of type IterationAdaptiveDT.

Solve failed and timestep already at dtmin, cannot continue![39m

Abort(1) on node 37 (rank 37 in comm 0): application called MPI_Abort(MPI_COMM_WORLD, 1) - process 37

[31m
*** ERROR ***
/home/emmanuel324/projects/belson324/KKS_large_largescale/10-17-25/Bicrystal/B1a/B1a.i:1632.3:
The following error occurred in the TimeStepper 'IterationAdaptiveDT' of type IterationAdaptiveDT.

Solve failed and timestep already at dtmin, cannot continue![39m

Abort(1) on node 38 (rank 38 in comm 0): application called MPI_Abort(MPI_COMM_WORLD, 1) - process 38

[31m
*** ERROR ***
/home/emmanuel324/projects/belson324/KKS_large_largescale/10-17-25/Bicrystal/B1a/B1a.i:1632.3:
The following error occurred in the TimeStepper 'IterationAdaptiveDT' of type IterationAdaptiveDT.

Solve failed and timestep already at dtmin, cannot continue![39m

Abort(1) on node 39 (rank 39 in comm 0): application called MPI_Abort(MPI_COMM_WORLD, 1) - process 39

[31m
*** ERROR ***
/home/emmanuel324/projects/belson324/KKS_large_largescale/10-17-25/Bicrystal/B1a/B1a.i:1632.3:
The following error occurred in the TimeStepper 'IterationAdaptiveDT' of type IterationAdaptiveDT.

Solve failed and timestep already at dtmin, cannot continue![39m

Abort(1) on node 40 (rank 40 in comm 0): application called MPI_Abort(MPI_COMM_WORLD, 1) - process 40

[31m
*** ERROR ***
/home/emmanuel324/projects/belson324/KKS_large_largescale/10-17-25/Bicrystal/B1a/B1a.i:1632.3:
The following error occurred in the TimeStepper 'IterationAdaptiveDT' of type IterationAdaptiveDT.

Solve failed and timestep already at dtmin, cannot continue![39m

Abort(1) on node 44 (rank 44 in comm 0): application called MPI_Abort(MPI_COMM_WORLD, 1) - process 44

[31m
*** ERROR ***
/home/emmanuel324/projects/belson324/KKS_large_largescale/10-17-25/Bicrystal/B1a/B1a.i:1632.3:
The following error occurred in the TimeStepper 'IterationAdaptiveDT' of type IterationAdaptiveDT.

Solve failed and timestep already at dtmin, cannot continue![39m

Abort(1) on node 54 (rank 54 in comm 0): application called MPI_Abort(MPI_COMM_WORLD, 1) - process 54

[31m
*** ERROR ***
/home/emmanuel324/projects/belson324/KKS_large_largescale/10-17-25/Bicrystal/B1a/B1a.i:1632.3:
The following error occurred in the TimeStepper 'IterationAdaptiveDT' of type IterationAdaptiveDT.

Solve failed and timestep already at dtmin, cannot continue![39m

Abort(1) on node 55 (rank 55 in comm 0): application called MPI_Abort(MPI_COMM_WORLD, 1) - process 55

[31m
*** ERROR ***
/home/emmanuel324/projects/belson324/KKS_large_largescale/10-17-25/Bicrystal/B1a/B1a.i:1632.3:
The following error occurred in the TimeStepper 'IterationAdaptiveDT' of type IterationAdaptiveDT.

Solve failed and timestep already at dtmin, cannot continue![39m

Abort(1) on node 41 (rank 41 in comm 0): application called MPI_Abort(MPI_COMM_WORLD, 1) - process 41

[31m
*** ERROR ***
/home/emmanuel324/projects/belson324/KKS_large_largescale/10-17-25/Bicrystal/B1a/B1a.i:1632.3:
The following error occurred in the TimeStepper 'IterationAdaptiveDT' of type IterationAdaptiveDT.

Solve failed and timestep already at dtmin, cannot continue![39m

Abort(1) on node 43 (rank 43 in comm 0): application called MPI_Abort(MPI_COMM_WORLD, 1) - process 43
srun: error: tc068: tasks 0-12,14-15,17,19,21-23,25,27,29,31-44,46,48-59,61,63-104,107,112-119: Aborted
srun: error: tc068: tasks 13,60: Aborted
srun: error: tc068: tasks 16,20,62,106,108: Aborted (core dumped)
srun: error: tc068: task 24: Aborted (core dumped)
srun: error: tc068: tasks 30,45,110: Aborted (core dumped)
srun: error: tc068: tasks 47,105: Aborted (core dumped)
srun: error: tc068: tasks 18,28,111: Aborted (core dumped)
srun: error: tc068: task 26: Aborted (core dumped)
srun: error: tc068: task 109: Aborted (core dumped)
