Resetting modules to system default. Reseting $MODULEPATH back to system default. All extra directories will be removed from $MODULEPATH.
Warning: unable to write derivative cache file.
Warning: unable to write derivative cache file.
Warning: unable to write derivative cache file.
Warning: unable to write derivative cache file.
Warning: unable to write derivative cache file.
Warning: unable to write derivative cache file.
Warning: unable to write derivative cache file.
Warning: unable to write derivative cache file.
Warning: unable to write derivative cache file.
Warning: unable to write derivative cache file.
Warning: unable to write derivative cache file.
Warning: unable to write derivative cache file.
Warning: unable to write derivative cache file.
Warning: unable to write derivative cache file.
Warning: unable to write derivative cache file.
Warning: unable to write derivative cache file.
Warning: unable to write derivative cache file.
Warning: unable to write derivative cache file.
Warning: unable to write derivative cache file.
Warning: unable to write derivative cache file.
Warning: unable to write derivative cache file.
Warning: unable to write derivative cache file.
Warning: unable to write derivative cache file.
Warning: unable to write derivative cache file.
Warning: unable to write derivative cache file.
Warning: unable to write derivative cache file.
Warning: unable to write derivative cache file.
Warning: unable to write derivative cache file.
Warning: unable to write derivative cache file.
Warning: unable to write derivative cache file.
Warning: unable to write derivative cache file.
slurmstepd: error: Detected 1 oom_kill event in StepId=4214153.0. Some of the step tasks have been OOM Killed.
srun: error: tc248: task 218: Out Of Memory
slurmstepd: error: Detected 1 oom_kill event in StepId=4214153.0. Some of the step tasks have been OOM Killed.
slurmstepd: error: Detected 1 oom_kill event in StepId=4214153.0. Some of the step tasks have been OOM Killed.
slurmstepd: error: Detected 1 oom_kill event in StepId=4214153.0. Some of the step tasks have been OOM Killed.
libMesh terminating:
filesystem error: cannot check if file is empty: No such file or directory [INB_1b_checkpoint_cp/0001-restart-0.rd]
Abort(1) on node 0 (rank 0 in comm 0): application called MPI_Abort(MPI_COMM_WORLD, 1) - process 0
libMesh terminating:
filesystem error: cannot check if file is empty: No such file or directory [INB_1b_checkpoint_cp/0001-restart-0.rd]
Abort(1) on node 0 (rank 0 in comm 0): application called MPI_Abort(MPI_COMM_WORLD, 1) - process 0
libMesh terminating:
filesystem error: cannot check if file is empty: No such file or directory [INB_1b_checkpoint_cp/0001-restart-0.rd]
Abort(1) on node 0 (rank 0 in comm 0): application called MPI_Abort(MPI_COMM_WORLD, 1) - process 0
libMesh terminating:
filesystem error: cannot check if file is empty: No such file or directory [INB_1b_checkpoint_cp/0001-restart-0.rd]
Abort(1) on node 0 (rank 0 in comm 0): application called MPI_Abort(MPI_COMM_WORLD, 1) - process 0
libMesh terminating:
filesystem error: cannot check if file is empty: No such file or directory [INB_1b_checkpoint_cp/0001-restart-0.rd]
Abort(1) on node 0 (rank 0 in comm 0): application called MPI_Abort(MPI_COMM_WORLD, 1) - process 0
libMesh terminating:
filesystem error: cannot check if file is empty: No such file or directory [INB_1b_checkpoint_cp/0001-restart-0.rd]
Abort(1) on node 0 (rank 0 in comm 0): application called MPI_Abort(MPI_COMM_WORLD, 1) - process 0
libMesh terminating:
filesystem error: cannot check if file is empty: No such file or directory [INB_1b_checkpoint_cp/0001-restart-0.rd]
Abort(1) on node 0 (rank 0 in comm 0): application called MPI_Abort(MPI_COMM_WORLD, 1) - process 0
libMesh terminating:
filesystem error: cannot check if file is empty: No such file or directory [INB_1b_checkpoint_cp/0001-restart-0.rd]
Abort(1) on node 0 (rank 0 in comm 0): application called MPI_Abort(MPI_COMM_WORLD, 1) - process 0
libMesh terminating:
filesystem error: cannot check if file is empty: No such file or directory [INB_1b_checkpoint_cp/0001-restart-0.rd]
Abort(1) on node 0 (rank 0 in comm 0): application called MPI_Abort(MPI_COMM_WORLD, 1) - process 0
libMesh terminating:
filesystem error: cannot check if file is empty: No such file or directory [INB_1b_checkpoint_cp/0001-restart-0.rd]
Abort(1) on node 0 (rank 0 in comm 0): application called MPI_Abort(MPI_COMM_WORLD, 1) - process 0
libMesh terminating:
filesystem error: cannot check if file is empty: No such file or directory [INB_1b_checkpoint_cp/0001-restart-0.rd]
Abort(1) on node 0 (rank 0 in comm 0): application called MPI_Abort(MPI_COMM_WORLD, 1) - process 0
libMesh terminating:
filesystem error: cannot check if file is empty: No such file or directory [INB_1b_checkpoint_cp/0001-restart-0.rd]
Abort(1) on node 0 (rank 0 in comm 0): application called MPI_Abort(MPI_COMM_WORLD, 1) - process 0
libMesh terminating:
filesystem error: cannot check if file is empty: No such file or directory [INB_1b_checkpoint_cp/0001-restart-0.rd]
Abort(1) on node 0 (rank 0 in comm 0): application called MPI_Abort(MPI_COMM_WORLD, 1) - process 0
libMesh terminating:
filesystem error: cannot check if file is empty: No such file or directory [INB_1b_checkpoint_cp/0001-restart-0.rd]
Abort(1) on node 0 (rank 0 in comm 0): application called MPI_Abort(MPI_COMM_WORLD, 1) - process 0
libMesh terminating:
filesystem error: cannot check if file is empty: No such file or directory [INB_1b_checkpoint_cp/0001-restart-0.rd]
Abort(1) on node 0 (rank 0 in comm 0): application called MPI_Abort(MPI_COMM_WORLD, 1) - process 0
libMesh terminating:
filesystem error: cannot check if file is empty: No such file or directory [INB_1b_checkpoint_cp/0001-restart-0.rd]
Abort(1) on node 0 (rank 0 in comm 0): application called MPI_Abort(MPI_COMM_WORLD, 1) - process 0
libMesh terminating:
filesystem error: cannot check if file is empty: No such file or directory [INB_1b_checkpoint_cp/0001-restart-0.rd]
Abort(1) on node 0 (rank 0 in comm 0): application called MPI_Abort(MPI_COMM_WORLD, 1) - process 0
libMesh terminating:
filesystem error: cannot check if file is empty: No such file or directory [INB_1b_checkpoint_cp/0001-restart-0.rd]
Abort(1) on node 0 (rank 0 in comm 0): application called MPI_Abort(MPI_COMM_WORLD, 1) - process 0
libMesh terminating:
filesystem error: cannot check if file is empty: No such file or directory [INB_1b_checkpoint_cp/0001-restart-0.rd]
Abort(1) on node 0 (rank 0 in comm 0): application called MPI_Abort(MPI_COMM_WORLD, 1) - process 0
libMesh terminating:
filesystem error: cannot check if file is empty: No such file or directory [INB_1b_checkpoint_cp/0001-restart-0.rd]
Abort(1) on node 0 (rank 0 in comm 0): application called MPI_Abort(MPI_COMM_WORLD, 1) - process 0
libMesh terminating:
filesystem error: cannot check if file is empty: No such file or directory [INB_1b_checkpoint_cp/0001-restart-0.rd]
Abort(1) on node 0 (rank 0 in comm 0): application called MPI_Abort(MPI_COMM_WORLD, 1) - process 0
libMesh terminating:
filesystem error: cannot check if file is empty: No such file or directory [INB_1b_checkpoint_cp/0001-restart-0.rd]
Abort(1) on node 0 (rank 0 in comm 0): application called MPI_Abort(MPI_COMM_WORLD, 1) - process 0
libMesh terminating:
filesystem error: cannot check if file is empty: No such file or directory [INB_1b_checkpoint_cp/0001-restart-0.rd]
Abort(1) on node 0 (rank 0 in comm 0): application called MPI_Abort(MPI_COMM_WORLD, 1) - process 0
libMesh terminating:
filesystem error: cannot check if file is empty: No such file or directory [INB_1b_checkpoint_cp/0001-restart-0.rd]
Abort(1) on node 0 (rank 0 in comm 0): application called MPI_Abort(MPI_COMM_WORLD, 1) - process 0
libMesh terminating:
filesystem error: cannot check if file is empty: No such file or directory [INB_1b_checkpoint_cp/0001-restart-0.rd]
Abort(1) on node 0 (rank 0 in comm 0): application called MPI_Abort(MPI_COMM_WORLD, 1) - process 0
libMesh terminating:
filesystem error: cannot check if file is empty: No such file or directory [INB_1b_checkpoint_cp/0001-restart-0.rd]
Abort(1) on node 0 (rank 0 in comm 0): application called MPI_Abort(MPI_COMM_WORLD, 1) - process 0
libMesh terminating:
filesystem error: cannot check if file is empty: No such file or directory [INB_1b_checkpoint_cp/0001-restart-0.rd]
Abort(1) on node 0 (rank 0 in comm 0): application called MPI_Abort(MPI_COMM_WORLD, 1) - process 0
libMesh terminating:
filesystem error: cannot check if file is empty: No such file or directory [INB_1b_checkpoint_cp/0001-restart-0.rd]
Abort(1) on node 0 (rank 0 in comm 0): application called MPI_Abort(MPI_COMM_WORLD, 1) - process 0
libMesh terminating:
filesystem error: cannot check if file is empty: No such file or directory [INB_1b_checkpoint_cp/0001-restart-0.rd]
Abort(1) on node 0 (rank 0 in comm 0): application called MPI_Abort(MPI_COMM_WORLD, 1) - process 0
libMesh terminating:
filesystem error: cannot check if file is empty: No such file or directory [INB_1b_checkpoint_cp/0001-restart-0.rd]
Abort(1) on node 0 (rank 0 in comm 0): application called MPI_Abort(MPI_COMM_WORLD, 1) - process 0
libMesh terminating:
filesystem error: cannot check if file is empty: No such file or directory [INB_1b_checkpoint_cp/0001-restart-0.rd]
Abort(1) on node 0 (rank 0 in comm 0): application called MPI_Abort(MPI_COMM_WORLD, 1) - process 0
libMesh terminating:
filesystem error: cannot check if file is empty: No such file or directory [INB_1b_checkpoint_cp/0001-restart-0.rd]
Abort(1) on node 0 (rank 0 in comm 0): application called MPI_Abort(MPI_COMM_WORLD, 1) - process 0
libMesh terminating:
filesystem error: cannot check if file is empty: No such file or directory [INB_1b_checkpoint_cp/0001-restart-0.rd]
Abort(1) on node 0 (rank 0 in comm 0): application called MPI_Abort(MPI_COMM_WORLD, 1) - process 0
libMesh terminating:
filesystem error: cannot check if file is empty: No such file or directory [INB_1b_checkpoint_cp/0001-restart-0.rd]
Abort(1) on node 0 (rank 0 in comm 0): application called MPI_Abort(MPI_COMM_WORLD, 1) - process 0
libMesh terminating:
filesystem error: cannot check if file is empty: No such file or directory [INB_1b_checkpoint_cp/0001-restart-0.rd]
Abort(1) on node 0 (rank 0 in comm 0): application called MPI_Abort(MPI_COMM_WORLD, 1) - process 0
libMesh terminating:
filesystem error: cannot check if file is empty: No such file or directory [INB_1b_checkpoint_cp/0001-restart-0.rd]
Abort(1) on node 0 (rank 0 in comm 0): application called MPI_Abort(MPI_COMM_WORLD, 1) - process 0
libMesh terminating:
filesystem error: cannot check if file is empty: No such file or directory [INB_1b_checkpoint_cp/0001-restart-0.rd]
Abort(1) on node 0 (rank 0 in comm 0): application called MPI_Abort(MPI_COMM_WORLD, 1) - process 0
libMesh terminating:
filesystem error: cannot check if file is empty: No such file or directory [INB_1b_checkpoint_cp/0001-restart-0.rd]
Abort(1) on node 0 (rank 0 in comm 0): application called MPI_Abort(MPI_COMM_WORLD, 1) - process 0
libMesh terminating:
filesystem error: cannot check if file is empty: No such file or directory [INB_1b_checkpoint_cp/0001-restart-0.rd]
Abort(1) on node 0 (rank 0 in comm 0): application called MPI_Abort(MPI_COMM_WORLD, 1) - process 0
libMesh terminating:
filesystem error: cannot check if file is empty: No such file or directory [INB_1b_checkpoint_cp/0001-restart-0.rd]
Abort(1) on node 0 (rank 0 in comm 0): application called MPI_Abort(MPI_COMM_WORLD, 1) - process 0
libMesh terminating:
filesystem error: cannot check if file is empty: No such file or directory [INB_1b_checkpoint_cp/0001-restart-0.rd]
Abort(1) on node 0 (rank 0 in comm 0): application called MPI_Abort(MPI_COMM_WORLD, 1) - process 0
libMesh terminating:
filesystem error: cannot check if file is empty: No such file or directory [INB_1b_checkpoint_cp/0001-restart-0.rd]
Abort(1) on node 0 (rank 0 in comm 0): application called MPI_Abort(MPI_COMM_WORLD, 1) - process 0
libMesh terminating:
filesystem error: cannot check if file is empty: No such file or directory [INB_1b_checkpoint_cp/0001-restart-0.rd]
Abort(1) on node 0 (rank 0 in comm 0): application called MPI_Abort(MPI_COMM_WORLD, 1) - process 0
libMesh terminating:
filesystem error: cannot check if file is empty: No such file or directory [INB_1b_checkpoint_cp/0001-restart-0.rd]
Abort(1) on node 0 (rank 0 in comm 0): application called MPI_Abort(MPI_COMM_WORLD, 1) - process 0
libMesh terminating:
filesystem error: cannot check if file is empty: No such file or directory [INB_1b_checkpoint_cp/0001-restart-0.rd]
Abort(1) on node 0 (rank 0 in comm 0): application called MPI_Abort(MPI_COMM_WORLD, 1) - process 0
libMesh terminating:
filesystem error: cannot check if file is empty: No such file or directory [INB_1b_checkpoint_cp/0001-restart-0.rd]
Abort(1) on node 0 (rank 0 in comm 0): application called MPI_Abort(MPI_COMM_WORLD, 1) - process 0
libMesh terminating:
filesystem error: cannot check if file is empty: No such file or directory [INB_1b_checkpoint_cp/0001-restart-0.rd]
Abort(1) on node 0 (rank 0 in comm 0): application called MPI_Abort(MPI_COMM_WORLD, 1) - process 0
libMesh terminating:
filesystem error: cannot check if file is empty: No such file or directory [INB_1b_checkpoint_cp/0001-restart-0.rd]
Abort(1) on node 0 (rank 0 in comm 0): application called MPI_Abort(MPI_COMM_WORLD, 1) - process 0
libMesh terminating:
filesystem error: cannot check if file is empty: No such file or directory [INB_1b_checkpoint_cp/0001-restart-0.rd]
Abort(1) on node 0 (rank 0 in comm 0): application called MPI_Abort(MPI_COMM_WORLD, 1) - process 0
libMesh terminating:
filesystem error: cannot check if file is empty: No such file or directory [INB_1b_checkpoint_cp/0001-restart-0.rd]
Abort(1) on node 0 (rank 0 in comm 0): application called MPI_Abort(MPI_COMM_WORLD, 1) - process 0
libMesh terminating:
filesystem error: cannot check if file is empty: No such file or directory [INB_1b_checkpoint_cp/0001-restart-0.rd]
Abort(1) on node 0 (rank 0 in comm 0): application called MPI_Abort(MPI_COMM_WORLD, 1) - process 0
libMesh terminating:
filesystem error: cannot check if file is empty: No such file or directory [INB_1b_checkpoint_cp/0001-restart-0.rd]
Abort(1) on node 0 (rank 0 in comm 0): application called MPI_Abort(MPI_COMM_WORLD, 1) - process 0
srun: Job step aborted: Waiting up to 62 seconds for job step to finish.
slurmstepd: error: *** JOB 4214153 ON tc027 CANCELLED AT 2025-12-31T16:47:08 ***
